<?xml version="1.0" encoding="UTF-8"?>
<!-- Generated by org.testng.reporters.JUnitReportReporter -->
<testsuite hostname="LAPTOP-KNCST827" failures="0" tests="1" name="testcases.WasiLifeTest" time="147.825" errors="0" timestamp="2023-04-09T22:52:32 BDT" skipped="0">
  <testcase classname="testcases.WasiLifeTest" name="visitWafiLife" time="147.825"/>
  <system-out/>
</testsuite> <!-- testcases.WasiLifeTest -->
